RUN	avianca.AviancaForms	aviancaforms	1678069069990	 	3.9.2
USER	AviancaForms	START	1678069071240
REQUEST		request_0	1678069071239	1678069071540	OK	 
ERROR	request_1: Failed to build request: Resource avianca/aviancaforms/0001_request.json not found 	1678069071547
REQUEST		request_2	1678069076559	1678069076632	OK	 
ERROR	request_3: Failed to build request: Resource avianca/aviancaforms/0003_request.json not found 	1678069076632
REQUEST		request_9	1678069076647	1678069076945	OK	 
REQUEST		request_4	1678069076638	1678069076947	OK	 
REQUEST		request_8	1678069076647	1678069077073	OK	 
REQUEST		request_5	1678069076646	1678069077112	OK	 
REQUEST		request_12	1678069077074	1678069077151	OK	 
REQUEST		request_6	1678069076646	1678069077191	OK	 
REQUEST		request_11	1678069076948	1678069077250	OK	 
REQUEST		request_10	1678069076947	1678069077375	OK	 
REQUEST		request_15	1678069077191	1678069077386	OK	 
REQUEST		request_7	1678069076646	1678069077389	OK	 
REQUEST		request_14	1678069077151	1678069077464	OK	 
REQUEST		request_16	1678069077250	1678069077480	OK	 
REQUEST		request_17	1678069077376	1678069077572	OK	 
REQUEST		request_13	1678069077114	1678069077621	OK	 
REQUEST		request_18	1678069077387	1678069077882	OK	 
REQUEST		request_19	1678069081886	1678069081963	OK	 
REQUEST		request_22	1678069081964	1678069082039	OK	 
REQUEST		request_24	1678069081965	1678069082145	OK	 
REQUEST		request_20	1678069081964	1678069082159	OK	 
REQUEST		request_23	1678069081965	1678069082161	OK	 
REQUEST		request_21	1678069081964	1678069082172	OK	 
REQUEST		request_25	1678069091183	1678069091226	OK	 
ERROR	request_37: Failed to build request: Resource avianca/aviancaforms/0037_request.json not found 	1678069091234
ERROR	request_46: Failed to build request: Resource avianca/aviancaforms/0046_request.json not found 	1678069091234
ERROR	request_47: Failed to build request: Resource avianca/aviancaforms/0047_request.json not found 	1678069091234
ERROR	request_51: Failed to build request: Resource avianca/aviancaforms/0051_request.bin not found 	1678069091234
ERROR	request_52: Failed to build request: Resource avianca/aviancaforms/0052_request.json not found 	1678069091234
ERROR	request_53: Failed to build request: Resource avianca/aviancaforms/0053_request.json not found 	1678069091234
ERROR	request_54: Failed to build request: Resource avianca/aviancaforms/0054_request.json not found 	1678069091234
ERROR	request_59: Failed to build request: Resource avianca/aviancaforms/0059_request.json not found 	1678069091236
ERROR	request_61: Failed to build request: Resource avianca/aviancaforms/0061_request.json not found 	1678069091236
ERROR	request_62: Failed to build request: Resource avianca/aviancaforms/0062_request.dat not found 	1678069091236
REQUEST		request_32	1678069091256	1678069091295	OK	 
REQUEST		request_31	1678069091256	1678069091295	OK	 
REQUEST		request_30	1678069091246	1678069091301	OK	 
REQUEST		request_33	1678069091256	1678069091307	OK	 
REQUEST		request_27	1678069091267	1678069091313	OK	 
REQUEST		request_39	1678069091244	1678069091316	OK	 
REQUEST		request_36	1678069091295	1678069091318	OK	 
REQUEST		request_34	1678069091257	1678069091384	KO	status.find.in([200, 209], 304), found 400
REQUEST		request_35	1678069091257	1678069091393	OK	 
REQUEST		request_40	1678069091301	1678069091398	OK	 
REQUEST		request_38	1678069091297	1678069091399	OK	 
REQUEST		request_41	1678069091311	1678069091407	OK	 
REQUEST		request_43	1678069091319	1678069091424	OK	 
REQUEST		request_29	1678069091257	1678069091463	OK	 
REQUEST		request_44	1678069091389	1678069091493	OK	 
REQUEST		request_45	1678069091393	1678069091506	OK	 
REQUEST		request_60	1678069091244	1678069091540	OK	 
REQUEST		request_57	1678069091243	1678069091541	OK	 
REQUEST		request_56	1678069091243	1678069091558	OK	 
REQUEST		request_29 Redirect 1	1678069091470	1678069091559	OK	 
REQUEST		request_58	1678069091244	1678069091560	OK	 
REQUEST		request_50	1678069091245	1678069091564	OK	 
REQUEST		request_48	1678069091245	1678069091565	OK	 
REQUEST		request_42	1678069091245	1678069091568	OK	 
REQUEST		request_49	1678069091245	1678069091569	OK	 
REQUEST		request_55	1678069091237	1678069091570	OK	 
REQUEST		request_26	1678069091266	1678069151278	KO	Request timeout to www.avianca.com/23.7.151.204:443 after 60000 ms
REQUEST		request_28	1678069091267	1678069151281	KO	Request timeout to www.avianca.com/23.7.151.204:443 after 60000 ms
USER	AviancaForms	END	1678069151284
