RUN	avianca.AviancaForms	aviancaforms	1678069549403	 	3.9.2
USER	AviancaForms	START	1678069550310
REQUEST		request_0	1678069550308	1678069550607	OK	 
REQUEST		request_2	1678069555619	1678069555692	OK	 
REQUEST		request_4	1678069555700	1678069556137	OK	 
REQUEST		request_9	1678069555840	1678069556167	OK	 
REQUEST		request_8	1678069555840	1678069556262	OK	 
REQUEST		request_6	1678069555839	1678069556268	OK	 
REQUEST		request_7	1678069555839	1678069556289	OK	 
REQUEST		request_5	1678069555839	1678069556317	OK	 
REQUEST		request_12	1678069556263	1678069556339	OK	 
REQUEST		request_11	1678069556167	1678069556489	OK	 
REQUEST		request_16	1678069556339	1678069556535	OK	 
REQUEST		request_15	1678069556318	1678069556552	OK	 
REQUEST		request_10	1678069556138	1678069556576	OK	 
REQUEST		request_14	1678069556290	1678069556592	OK	 
REQUEST		request_17	1678069556490	1678069556690	OK	 
REQUEST		request_18	1678069556536	1678069556751	OK	 
REQUEST		request_13	1678069556268	1678069556789	OK	 
REQUEST		request_19	1678069560806	1678069560882	OK	 
REQUEST		request_22	1678069560883	1678069560957	OK	 
REQUEST		request_21	1678069560883	1678069561075	OK	 
REQUEST		request_23	1678069560883	1678069561077	OK	 
REQUEST		request_20	1678069560882	1678069561084	OK	 
REQUEST		request_24	1678069560884	1678069561092	OK	 
REQUEST		request_25	1678069570098	1678069570149	OK	 
ERROR	request_47: Failed to build request: Resource avianca/aviancaforms/0047_request.json not found 	1678069570156
ERROR	request_53: Failed to build request: Resource avianca/aviancaforms/0053_request.json not found 	1678069570156
REQUEST		request_31	1678069570174	1678069570209	OK	 
REQUEST		request_32	1678069570175	1678069570211	OK	 
REQUEST		request_30	1678069570167	1678069570215	OK	 
REQUEST		request_33	1678069570175	1678069570220	OK	 
REQUEST		request_36	1678069570210	1678069570232	OK	 
REQUEST		request_27	1678069570182	1678069570234	OK	 
REQUEST		request_39	1678069570166	1678069570246	OK	 
REQUEST		request_35	1678069570175	1678069570297	OK	 
REQUEST		request_40	1678069570215	1678069570307	OK	 
REQUEST		request_38	1678069570211	1678069570308	OK	 
REQUEST		request_41	1678069570224	1678069570323	OK	 
REQUEST		request_43	1678069570233	1678069570335	OK	 
REQUEST		request_29	1678069570176	1678069570359	OK	 
REQUEST		request_45	1678069570308	1678069570407	OK	 
REQUEST		request_44	1678069570298	1678069570415	OK	 
REQUEST		request_60	1678069570166	1678069570457	OK	 
REQUEST		request_57	1678069570165	1678069570458	OK	 
REQUEST		request_58	1678069570165	1678069570460	OK	 
REQUEST		request_29 Redirect 1	1678069570366	1678069570462	OK	 
REQUEST		request_34	1678069570175	1678069570469	KO	status.find.in([200, 209], 304), found 400
REQUEST		request_48	1678069570167	1678069570473	OK	 
REQUEST		request_42	1678069570166	1678069570476	OK	 
REQUEST		request_50	1678069570167	1678069570477	OK	 
REQUEST		request_55	1678069570159	1678069570478	OK	 
REQUEST		request_56	1678069570165	1678069570504	OK	 
REQUEST		request_49	1678069570167	1678069570507	OK	 
REQUEST		request_26	1678069570181	1678069630189	KO	Request timeout to www.avianca.com/23.7.151.204:443 after 60000 ms
REQUEST		request_28	1678069570182	1678069630192	KO	Request timeout to www.avianca.com/23.7.151.204:443 after 60000 ms
USER	AviancaForms	END	1678069630197
